<?xml version="1.0" encoding="UTF-8"?>
<!-- Generated by org.testng.reporters.JUnitReportReporter -->
<testsuite hostname="Mrunalis-Air" failures="0" tests="1" name="AutomationProject.MavenJava.Test1" time="4.611" errors="0" timestamp="2021-09-13T11:47:05 PDT" skipped="0">
  <testcase classname="AutomationProject.MavenJava.Test1" name="function1" time="4.611"/>
  <system-out/>
</testsuite> <!-- AutomationProject.MavenJava.Test1 -->
